0x5632ce1d04f5: R 0x7fffd4cbadf0, 1
0x5632ce1d04fd: W 0x7fffd4cbade0, 0
0x5632ce1d04fe: W 0x7fffd4cbadd8, 0
0x5632ce1d0514: R 0x5632ce3d0fe0, 1743121168
0x5632ce1d0620: W 0x7fffd4cbad08, -836958992
0x5632ce1d0622: W 0x7fffd4cbad00, -836958688
0x5632ce1d0627: W 0x7fffd4cbacf8, 0
0x5632ce1d0629: W 0x7fffd4cbacf0, 2092929392
0x5632ce1d0632: W 0x7fffd4cbace8, 1743259049
0x5632ce1d063a: W 0x7fffd4cbace0, 2090724160
0x5632ce1d04bc: R 0x5632ce3d0fe8, 0
0x5632ce1d04ce: R 0x7fffd4cbacd8, -836958639
0x5632ce1d0669: R 0x5632ce3d0df0, -836958736
0x5632ce1d05f0: W 0x7fffd4cbacc8, 1
0x5632ce1d05f4: R 0x7fffd4cbacd0, 1
0x5632ce1d056e: W 0x7fffd4cbacc8, 1
0x5632ce1d05a0: R 0x7fffd4cbacd0, 1
0x5632ce1d05a1: R 0x7fffd4cbacd8, -836958611
0x5632ce1d067a: R 0x7fffd4cbace8, 0
0x5632ce1d067b: R 0x7fffd4cbacf0, -836958688
0x5632ce1d067c: R 0x7fffd4cbacf8, -836958992
0x5632ce1d067e: R 0x7fffd4cbad00, -724849168
0x5632ce1d0680: R 0x7fffd4cbad08, 0
0x5632ce1d0682: R 0x7fffd4cbad10, 0
0x5632ce1d0684: R 0x7fffd4cbad18, 1743121288
0x5632ce1d05fa: W 0x7fffd4cbad08, 0
0x5632ce1d05fe: W 0x7fffd4cbad04, 15
0x5632ce1d0605: W 0x7fffd4cbad08, 31
0x5632ce1d060c: R 0x7fffd4cbad04, 30
0x5632ce1d060f: R 0x7fffd4cbad08, 62
0x5632ce1d0614: W 0x7fffd4cbad0c, 92
0x5632ce1d061c: R 0x7fffd4cbad10, -836958688
0x5632ce1d061d: R 0x7fffd4cbad18, 1743121399
0x5632ce1d05b0: R 0x5632ce3d1010, 0
0x5632ce1d05b9: R 0x5632ce3d0ff8, 1743259200
0x5632ce1d05c1: W 0x7fffd4cbac18, 4
0x5632ce1d05c7: R 0x5632ce3d1008, -834859000
0x5632ce1d04e0: R 0x5632ce3d0ff8, 1743259200
0x5632ce1d0527: W 0x7fffd4cbac08, -724849616
0x5632ce1d0550: R 0x7fffd4cbac10, -724849632
0x5632ce1d0551: R 0x7fffd4cbac18, -836958760
0x5632ce1d05d8: W 0x5632ce3d1010, 1
0x5632ce1d05df: R 0x7fffd4cbac20, -724849488
0x5632ce1d05e0: R 0x7fffd4cbac28, 2090724627
0x5632ce1d069c: R 0x7fffd4cbac28, 2090724659
#eof
